<?xml version="1.0" encoding="UTF-8"?>
<!-- Generated by org.testng.reporters.JUnitReportReporter -->
<testsuite hostname="DESKTOP-HKUB798" failures="0" tests="1" name="com.actitime.generic.TestScripct" time="7.140" errors="0" timestamp="2021-11-03T07:12:31 IST" skipped="0">
  <testcase classname="com.actitime.generic.TestScripct" name="sample" time="7.140"/>
  <system-out/>
</testsuite> <!-- com.actitime.generic.TestScripct -->
