<?xml version="1.0" encoding="UTF-8"?>
<!-- Generated by org.testng.reporters.JUnitReportReporter -->
<testsuite hostname="DESKTOP-HKUB798" failures="0" tests="1" name="com.actitime.testscripct.Actitime" time="2.198" errors="0" timestamp="2021-11-02T23:26:03 IST" skipped="0">
  <testcase classname="com.actitime.testscripct.Actitime" name="login" time="2.198"/>
  <system-out/>
</testsuite> <!-- com.actitime.testscripct.Actitime -->
