<?xml version="1.0" encoding="UTF-8"?>
<!-- Generated by org.testng.reporters.JUnitReportReporter -->
<testsuite hostname="DESKTOP-HKUB798" failures="0" tests="1" name="com.actitime.generic.Testscripctactitime" time="0.421" errors="0" timestamp="2021-12-13T10:27:43 IST" skipped="0">
  <testcase classname="com.actitime.generic.Testscripctactitime" name="sample1" time="0.421"/>
  <system-out/>
</testsuite> <!-- com.actitime.generic.Testscripctactitime -->
