<?xml version="1.0" encoding="UTF-8"?>
<!-- Generated by org.testng.reporters.JUnitReportReporter -->
<testsuite hostname="DESKTOP-HKUB798" failures="0" tests="1" name="demo1.BrowserFactory" time="0.016" errors="0" timestamp="2022-03-30T20:21:40 IST" skipped="0">
  <testcase classname="demo1.BrowserFactory" name="samlpi" time="0.016"/>
  <system-out/>
</testsuite> <!-- demo1.BrowserFactory -->
