<?xml version="1.0" encoding="UTF-8"?>
<!-- Generated by org.testng.reporters.JUnitReportReporter -->
<testsuite hostname="DESKTOP-HKUB798" failures="0" tests="1" name="com.actitime.generic.TestScripct1" time="7.399" errors="0" timestamp="2021-11-03T07:41:09 IST" skipped="0">
  <testcase classname="com.actitime.generic.TestScripct1" name="sample1" time="7.399"/>
  <system-out/>
</testsuite> <!-- com.actitime.generic.TestScripct1 -->
