<?xml version="1.0" encoding="UTF-8"?>
<!-- Generated by org.testng.reporters.JUnitReportReporter -->
<testsuite hostname="DESKTOP-HKUB798" failures="0" tests="1" name="paywheel.PaywheelTest" time="0.009" errors="0" timestamp="2022-04-01T16:15:45 IST" skipped="0">
  <testcase classname="paywheel.PaywheelTest" name="sample" time="0.009"/>
  <system-out/>
</testsuite> <!-- paywheel.PaywheelTest -->
